0 info it worked if it ends with ok
1 verbose cli [ '/home/dev-1/.nvm/versions/node/v4.2.6/bin/node',
1 verbose cli   '/home/dev-1/.nvm/versions/node/v4.2.6/bin/npm',
1 verbose cli   'start' ]
2 info using npm@2.14.12
3 info using node@v4.2.6
4 verbose stack Error: ENOENT: no such file or directory, open '/var/www/package.json'
4 verbose stack     at Error (native)
5 verbose cwd /var/www/new123
6 error Linux 3.19.0-58-generic
7 error argv "/home/dev-1/.nvm/versions/node/v4.2.6/bin/node" "/home/dev-1/.nvm/versions/node/v4.2.6/bin/npm" "start"
8 error node v4.2.6
9 error npm  v2.14.12
10 error path /var/www/package.json
11 error code ENOENT
12 error errno -2
13 error syscall open
14 error enoent ENOENT: no such file or directory, open '/var/www/package.json'
14 error enoent This is most likely not a problem with npm itself
14 error enoent and is related to npm not being able to find a file.
15 verbose exit [ -2, true ]
